[debug] [2021-11-16T03:16:05.848Z] ----------------------------------------------------------------------
[debug] [2021-11-16T03:16:05.850Z] Command:       C:\Program Files\nodejs\node.exe C:\Users\ijlem\AppData\Roaming\npm\node_modules\firebase-tools\lib\bin\firebase.js init hosting
[debug] [2021-11-16T03:16:05.851Z] CLI Version:   9.22.0
[debug] [2021-11-16T03:16:05.851Z] Platform:      win32
[debug] [2021-11-16T03:16:05.851Z] Node Version:  v14.18.1
[debug] [2021-11-16T03:16:05.853Z] Time:          Mon Nov 15 2021 23:16:05 GMT-0400 (hora de Venezuela)
[debug] [2021-11-16T03:16:05.853Z] ----------------------------------------------------------------------
[debug] 
[debug] [2021-11-16T03:16:05.920Z] > command requires scopes: ["email","openid","https://www.googleapis.com/auth/cloudplatformprojects.readonly","https://www.googleapis.com/auth/firebase","https://www.googleapis.com/auth/cloud-platform"]
[debug] [2021-11-16T03:16:05.920Z] > authorizing via signed-in user (ilemmo@correo.unimet.edu.ve)
[info] 
     ######## #### ########  ######## ########     ###     ######  ########
     ##        ##  ##     ## ##       ##     ##  ##   ##  ##       ##
     ######    ##  ########  ######   ########  #########  ######  ######
     ##        ##  ##    ##  ##       ##     ## ##     ##       ## ##
     ##       #### ##     ## ######## ########  ##     ##  ######  ########

You're about to initialize a Firebase project in this directory:

  C:\Users\ijlem

Before we get started, keep in mind:

  * You are initializing within an existing Firebase project directory

[info] 
=== Project Setup
[info] 
[info] First, let's associate this project directory with a Firebase project.
[info] You can create multiple project aliases by running firebase use --add, 
[info] but for now we'll just set up a default project.
[info] 
[info] i  .firebaserc already has a default project, using psicomet-e1256. 
[debug] [2021-11-16T03:16:13.417Z] > refreshing access token with scopes: []
[debug] [2021-11-16T03:16:13.418Z] >>> HTTP REQUEST POST https://www.googleapis.com/oauth2/v3/token  
 <request body omitted>
[debug] [2021-11-16T03:16:22.191Z] <<< HTTP RESPONSE 200 {"cache-control":"no-cache, no-store, max-age=0, must-revalidate","pragma":"no-cache","date":"Tue, 16 Nov 2021 03:16:13 GMT","expires":"Mon, 01 Jan 1990 00:00:00 GMT","content-type":"application/json; charset=utf-8","vary":"X-Origin, Referer, Origin,Accept-Encoding","server":"scaffolding on HTTPServer2","x-xss-protection":"0","x-frame-options":"SAMEORIGIN","x-content-type-options":"nosniff","alt-svc":"h3=\":443\"; ma=2592000,h3-29=\":443\"; ma=2592000,h3-Q050=\":443\"; ma=2592000,h3-Q046=\":443\"; ma=2592000,h3-Q043=\":443\"; ma=2592000,quic=\":443\"; ma=2592000; v=\"46,43\"","accept-ranges":"none","transfer-encoding":"chunked"}
[debug] [2021-11-16T03:16:22.259Z] >>> [apiv2][query] GET https://firebase.googleapis.com/v1beta1/projects/psicomet-e1256 [none]
